<?xml version="1.0" encoding="UTF-8"?>
<testng-results ignored="0" total="1" passed="1" failed="0" skipped="0">
  <reporter-output>
  </reporter-output>
  <suite started-at="2023-04-10T12:57:14 IST" name="Default suite" finished-at="2023-04-10T12:57:37 IST" duration-ms="23326">
    <groups>
    </groups>
    <test started-at="2023-04-10T12:57:14 IST" name="Default test" finished-at="2023-04-10T12:57:37 IST" duration-ms="23326">
      <class name="assignment2.Login">
        <test-method is-config="true" signature="launchApp()[pri:0, instance:assignment2.Login@6c779568]" started-at="2023-04-10T12:57:14 IST" name="launchApp" finished-at="2023-04-10T12:57:17 IST" duration-ms="2898" status="PASS">
          <reporter-output>
          </reporter-output>
        </test-method> <!-- launchApp -->
        <test-method signature="login()[pri:0, instance:assignment2.Login@6c779568]" started-at="2023-04-10T12:57:17 IST" name="login" finished-at="2023-04-10T12:57:32 IST" duration-ms="15291" status="PASS">
          <reporter-output>
          </reporter-output>
        </test-method> <!-- login -->
        <test-method is-config="true" signature="closeApp()[pri:0, instance:assignment2.Login@6c779568]" started-at="2023-04-10T12:57:32 IST" name="closeApp" finished-at="2023-04-10T12:57:37 IST" duration-ms="5110" status="PASS">
          <reporter-output>
          </reporter-output>
        </test-method> <!-- closeApp -->
      </class> <!-- assignment2.Login -->
    </test> <!-- Default test -->
  </suite> <!-- Default suite -->
</testng-results>
